12/05 01:34:22  INFO com.intellij.internal.statistic.uploader - Process started with '--ide-token /home/francislabonte/Downloads/phpstorm-time-tracker (1)/build/idea-sandbox/system/token --recorders FUS;MP --device-fus 0905253f4dc9bc7-2bd1-42a4-afe6-394ec79b5dc9 --bucket-fus 29 --machine-fus b8b4ff4034ba7077f4d18ff6607c6ae46f71e1b2954f33a37085b3ee62353a68 --id-revision-fus 0 --files-fus /home/francislabonte/Downloads/phpstorm-time-tracker (1)/build/idea-sandbox/system/event-log-data/logs/FUS/98de-43b2-90a3-9c74b769025f-233.11799.232-release.log --escape-fus true --device-mp 0905253bd8c2cb7-2c0b-479d-b0be-03c9c602356a --bucket-mp 246 --machine-mp 68e1c645368a629c08da6b70fd4bcd31b1b040c0b1c9c2d1d5c141746834d1a9 --id-revision-mp 0 --files-mp  --escape-mp true --url https://resources.jetbrains.com/storage/fus/config/v4/%s/%s.json --product PS --product-version 2023.3 --baseline-version 233 --user-agent PhpStorm/233.11799.232 --extra-headers '
12/05 01:34:22  INFO com.intellij.internal.statistic.uploader - Classpath:/home/francislabonte/.gradle/caches/modules-2/files-2.1/com.jetbrains.intellij.phpstorm/phpstorm/2023.3/9dbdca93a93fea274cd97bd9ea84a412c240433/phpstorm-2023.3/lib/util-8.jar:/home/francislabonte/.gradle/caches/modules-2/files-2.1/com.jetbrains.intellij.phpstorm/phpstorm/2023.3/9dbdca93a93fea274cd97bd9ea84a412c240433/phpstorm-2023.3/lib/annotations.jar:/home/francislabonte/.gradle/caches/modules-2/files-2.1/com.jetbrains.intellij.phpstorm/phpstorm/2023.3/9dbdca93a93fea274cd97bd9ea84a412c240433/phpstorm-2023.3/lib/lib-client.jar:/home/francislabonte/.gradle/caches/modules-2/files-2.1/com.jetbrains.intellij.phpstorm/phpstorm/2023.3/9dbdca93a93fea274cd97bd9ea84a412c240433/phpstorm-2023.3/lib/stats.jar
12/05 01:34:22  INFO com.intellij.internal.statistic.uploader.events - 1747028062328 STARTED ALL
12/05 01:34:22  INFO com.intellij.internal.statistic.uploader - IDE token file: /home/francislabonte/Downloads/phpstorm-time-tracker (1)/build/idea-sandbox/system/token
12/05 01:34:22  INFO com.intellij.internal.statistic.uploader - [FUS] Start uploading...
12/05 01:34:22  INFO com.intellij.internal.statistic.uploader - [MP] Start uploading...
12/05 01:34:22  INFO com.intellij.internal.statistic.uploader - [FUS] {product:PS, productVersion:2023.3, userAgent:PhpStorm/233.11799.232(External), url: https://resources.jetbrains.com/storage/fus/config/v4/%s/%s.json, internal:false, isTestConfig:false, isTestSendEndpoint:false}
12/05 01:34:22  INFO com.intellij.internal.statistic.uploader - [MP] {product:PS, productVersion:2023.3, userAgent:PhpStorm/233.11799.232(External), url: https://resources.jetbrains.com/storage/fus/config/v4/%s/%s.json, internal:false, isTestConfig:false, isTestSendEndpoint:false}
12/05 01:34:22  INFO com.intellij.internal.statistic.uploader - [FUS] {recorder:FUS, files:/home/francislabonte/Downloads/phpstorm-time-tracker (1)/build/idea-sandbox/system/event-log-data/logs/FUS/98de-43b2-90a3-9c74b769025f-233.11799.232-release.log}
12/05 01:34:22  INFO com.intellij.internal.statistic.uploader - [MP] {recorder:MP, files:}
12/05 01:34:22  INFO com.intellij.internal.statistic.uploader - [FUS] {device:0905253f4dc9bc7-2bd1-42a4-afe6-394ec79b5dc9, bucket:29}
12/05 01:34:22  INFO com.intellij.internal.statistic.uploader - [MP] {device:0905253bd8c2cb7-2c0b-479d-b0be-03c9c602356a, bucket:246}
12/05 01:34:22  INFO com.intellij.internal.statistic.uploader.events - 1747028062358 FINISHED MP NOTHING_TO_SEND
12/05 01:34:22 FINER com.intellij.internal.statistic.uploader - [MP] Uploading finished with NOTHING_TO_SEND
12/05 01:34:22 FINER com.intellij.internal.statistic.uploader - [MP] No files to send
12/05 01:34:24 FINER com.intellij.internal.statistic.uploader - 98de-43b2-90a3-9c74b769025f-233.11799.232-release.log -> ""
12/05 01:34:24 FINER com.intellij.internal.statistic.uploader - Removed sent log: 98de-43b2-90a3-9c74b769025f-233.11799.232-release.log
12/05 01:34:24  INFO com.intellij.internal.statistic.uploader.events - 1747028064020 SEND FUS 1 0 1 [L2hvbWUvZnJhbmNpc2xhYm9udGUvRG93bmxvYWRzL3BocHN0b3JtLXRpbWUtdHJhY2tlciAoMSkvYnVpbGQvaWRlYS1zYW5kYm94L3N5c3RlbS9ldmVudC1sb2ctZGF0YS9sb2dzL0ZVUy85OGRlLTQzYjItOTBhMy05Yzc0Yjc2OTAyNWYtMjMzLjExNzk5LjIzMi1yZWxlYXNlLmxvZw==] []
12/05 01:34:24  INFO com.intellij.internal.statistic.uploader.events - 1747028064026 FINISHED FUS
12/05 01:34:24 FINER com.intellij.internal.statistic.uploader - [FUS] Uploading finished with SEND
12/05 01:34:24 FINER com.intellij.internal.statistic.uploader - [FUS] Uploaded 1 files.
